<?xml version="1.0" encoding="UTF-8"?>
<!-- Generated by org.testng.reporters.JUnitXMLReporter -->
<testsuite ignored="0" hostname="DESKTOP-2k22" failures="1" tests="1" name="Test" time="19.172" errors="0" timestamp="2024-06-02T02:12:23 IST">
  <testcase classname="Com.TestCases.TC_01_Login_to_application" name="verify_TC_01_Login_to_application" time="1.169">
    <failure type="java.lang.AssertionError" message="expected [true] but found [false]">
      <![CDATA[java.lang.AssertionError: expected [true] but found [false]
at Com.TestCases.TC_01_Login_to_application.verify_TC_01_Login_to_application(TC_01_Login_to_application.java:25)
at java.base/java.util.ArrayList.forEach(ArrayList.java:1511)
... Removed 31 stack frames]]>
    </failure>
  </testcase> <!-- verify_TC_01_Login_to_application -->
</testsuite> <!-- Test -->
