<?xml version="1.0" encoding="UTF-8"?>
<testng-results ignored="0" total="1" passed="1" failed="0" skipped="0">
  <reporter-output>
  </reporter-output>
  <suite started-at="2024-06-05T23:48:25 IST" name="Suite" finished-at="2024-06-05T23:48:38 IST" duration-ms="12579">
    <groups>
    </groups>
    <test started-at="2024-06-05T23:48:25 IST" name="Test" finished-at="2024-06-05T23:48:38 IST" duration-ms="12579">
      <class name="Com.TestCases.TC_01_Login_to_application">
        <test-method is-config="true" signature="launchApplication()[pri:0, instance:Com.TestCases.TC_01_Login_to_application@1b919693]" started-at="2024-06-05T23:48:25 IST" name="launchApplication" finished-at="2024-06-05T23:48:34 IST" duration-ms="9120" status="PASS">
          <reporter-output>
          </reporter-output>
        </test-method> <!-- launchApplication -->
        <test-method signature="verify_TC_01_Login_to_application()[pri:0, instance:Com.TestCases.TC_01_Login_to_application@1b919693]" started-at="2024-06-05T23:48:34 IST" name="verify_TC_01_Login_to_application" finished-at="2024-06-05T23:48:36 IST" duration-ms="1647" status="PASS">
          <reporter-output>
          </reporter-output>
        </test-method> <!-- verify_TC_01_Login_to_application -->
        <test-method is-config="true" signature="tearDown()[pri:0, instance:Com.TestCases.TC_01_Login_to_application@1b919693]" started-at="2024-06-05T23:48:36 IST" name="tearDown" finished-at="2024-06-05T23:48:38 IST" duration-ms="1735" status="PASS">
          <reporter-output>
          </reporter-output>
        </test-method> <!-- tearDown -->
      </class> <!-- Com.TestCases.TC_01_Login_to_application -->
    </test> <!-- Test -->
  </suite> <!-- Suite -->
</testng-results>
